app/build/intermediates/manifest_merge_blame_file/debug/manifest-merger-blame-debug-report.txt
1<?xml version="1.0" encoding="utf-8"?>
2<manifest xmlns:android="http://schemas.android.com/apk/res/android"
3    package="com.demo.dagger2demo_kotlin"
4    android:versionCode="1"
5    android:versionName="1.0" >
6
7    <uses-sdk
8        android:minSdkVersion="24"
8-->src/main/AndroidManifest.xml
9        android:targetSdkVersion="30" />
9-->src/main/AndroidManifest.xml
10
11    <uses-permission android:name="android.permission.INTERNET" />
11-->src/main/AndroidManifest.xml:5:5-66
11-->src/main/AndroidManifest.xml:5:22-64
12
13    <application
13-->src/main/AndroidManifest.xml:7:5-33:19
14        android:name="com.demo.dagger2demo_kotlin.MyApplication"
14-->src/main/AndroidManifest.xml:9:9-38
15        android:allowBackup="true"
15-->src/main/AndroidManifest.xml:8:9-35
16        android:appComponentFactory="androidx.core.app.CoreComponentFactory"
16-->[androidx.core:core:1.3.2] AndroidManifest.xml:24:18-86
17        android:debuggable="true"
18        android:extractNativeLibs="false"
19        android:icon="@mipmap/ic_launcher"
19-->src/main/AndroidManifest.xml:10:9-43
20        android:label="@string/app_name"
20-->src/main/AndroidManifest.xml:11:9-41
21        android:roundIcon="@mipmap/ic_launcher_round"
21-->src/main/AndroidManifest.xml:12:9-54
22        android:supportsRtl="true"
22-->src/main/AndroidManifest.xml:13:9-35
23        android:testOnly="true"
24        android:theme="@style/Theme.Dagger2Demo_Kotlin" >
24-->src/main/AndroidManifest.xml:14:9-56
25        <activity android:name="com.demo.dagger2demo_kotlin.activity.CoroutinesSingleCallActivity" >
25-->src/main/AndroidManifest.xml:15:9-17:20
25-->src/main/AndroidManifest.xml:15:19-72
26        </activity>
27        <activity android:name="com.demo.dagger2demo_kotlin.activity.CoroutinesParallelCallActivity" >
27-->src/main/AndroidManifest.xml:18:9-20:20
27-->src/main/AndroidManifest.xml:18:19-74
28        </activity>
29        <activity android:name="com.demo.dagger2demo_kotlin.activity.RetroActivity" >
29-->src/main/AndroidManifest.xml:21:9-23:20
29-->src/main/AndroidManifest.xml:21:19-57
30        </activity>
31        <activity
31-->src/main/AndroidManifest.xml:24:9-31:20
32            android:name="com.demo.dagger2demo_kotlin.activity.MainActivity"
32-->src/main/AndroidManifest.xml:24:19-56
33            android:exported="true" >
33-->src/main/AndroidManifest.xml:25:13-36
34            <intent-filter>
34-->src/main/AndroidManifest.xml:26:13-30:29
35                <action android:name="android.intent.action.MAIN" />
35-->src/main/AndroidManifest.xml:27:17-69
35-->src/main/AndroidManifest.xml:27:25-66
36
37                <category android:name="android.intent.category.LAUNCHER" />
37-->src/main/AndroidManifest.xml:29:17-77
37-->src/main/AndroidManifest.xml:29:27-74
38            </intent-filter>
39        </activity>
40
41        <provider
41-->[androidx.lifecycle:lifecycle-process:2.2.0] AndroidManifest.xml:25:9-29:43
42            android:name="androidx.lifecycle.ProcessLifecycleOwnerInitializer"
42-->[androidx.lifecycle:lifecycle-process:2.2.0] AndroidManifest.xml:26:13-79
43            android:authorities="com.demo.dagger2demo_kotlin.lifecycle-process"
43-->[androidx.lifecycle:lifecycle-process:2.2.0] AndroidManifest.xml:27:13-69
44            android:exported="false"
44-->[androidx.lifecycle:lifecycle-process:2.2.0] AndroidManifest.xml:28:13-37
45            android:multiprocess="true" />
45-->[androidx.lifecycle:lifecycle-process:2.2.0] AndroidManifest.xml:29:13-40
46    </application>
47
48</manifest>